<?xml version="1.0" encoding="UTF-8"?>
<testng-results ignored="0" total="2" passed="2" failed="0" skipped="0">
  <reporter-output>
  </reporter-output>
  <suite started-at="2022-11-22T22:01:54 IST" name="Data Driven Basics" finished-at="2022-11-22T22:01:59 IST" duration-ms="4346">
    <groups>
    </groups>
    <test started-at="2022-11-22T22:01:54 IST" name="Bank Manager Login Test" finished-at="2022-11-22T22:01:58 IST" duration-ms="3267">
      <class name="com.w2a.testcases.BankManagerLoginTest">
        <test-method signature="loginAsBankManager()[pri:0, instance:com.w2a.testcases.BankManagerLoginTest@4c398c80]" started-at="2022-11-22T22:01:55 IST" name="loginAsBankManager" finished-at="2022-11-22T22:01:58 IST" duration-ms="3218" status="PASS">
          <reporter-output>
          </reporter-output>
        </test-method> <!-- loginAsBankManager -->
      </class> <!-- com.w2a.testcases.BankManagerLoginTest -->
    </test> <!-- Bank Manager Login Test -->
    <test started-at="2022-11-22T22:01:58 IST" name="Add Customer Test" finished-at="2022-11-22T22:01:59 IST" duration-ms="1030">
      <class name="com.w2a.testcases.AddCustomerTest">
        <test-method is-config="true" signature="setUP()[pri:0, instance:com.w2a.testcases.AddCustomerTest@5f031ebd]" started-at="2022-11-22T22:01:51 IST" name="setUP" finished-at="2022-11-22T22:01:54 IST" duration-ms="3465" status="PASS">
          <reporter-output>
          </reporter-output>
        </test-method> <!-- setUP -->
        <test-method signature="addCustomer(java.lang.String,java.lang.String,java.lang.String)[pri:0, instance:com.w2a.testcases.AddCustomerTest@5f031ebd]" started-at="2022-11-22T22:01:58 IST" name="addCustomer" data-provider="getData" finished-at="2022-11-22T22:01:59 IST" duration-ms="935" status="PASS">
          <params>
            <param index="0">
              <value>
                <![CDATA[Abdul]]>
              </value>
            </param>
            <param index="1">
              <value>
                <![CDATA[Badi]]>
              </value>
            </param>
            <param index="2">
              <value>
                <![CDATA[848130.0]]>
              </value>
            </param>
          </params>
          <reporter-output>
          </reporter-output>
        </test-method> <!-- addCustomer -->
        <test-method is-config="true" signature="tearDown()[pri:0, instance:com.w2a.testcases.AddCustomerTest@5f031ebd]" started-at="2022-11-22T22:01:59 IST" name="tearDown" finished-at="2022-11-22T22:01:59 IST" duration-ms="341" status="PASS">
          <reporter-output>
          </reporter-output>
        </test-method> <!-- tearDown -->
      </class> <!-- com.w2a.testcases.AddCustomerTest -->
    </test> <!-- Add Customer Test -->
  </suite> <!-- Data Driven Basics -->
</testng-results>
